#-----------------------------------------------------------
# Vivado v2017.3 (64-bit)
# SW Build 2018833 on Wed Oct  4 19:58:22 MDT 2017
# IP Build 2016188 on Wed Oct  4 21:52:56 MDT 2017
# Start of session at: Thu Dec 31 22:40:45 2020
# Process ID: 11860
# Current directory: D:/vivado/MiniMIPS32_SyS/MiniMIPS32
# Command line: vivado.exe -gui_launcher_event rodinguilauncherevent764 D:\vivado\MiniMIPS32_SyS\MiniMIPS32\MiniMIPS32.xpr
# Log file: D:/vivado/MiniMIPS32_SyS/MiniMIPS32/vivado.log
# Journal file: D:/vivado/MiniMIPS32_SyS/MiniMIPS32\vivado.jou
#-----------------------------------------------------------
start_gui
open_project D:/vivado/MiniMIPS32_SyS/MiniMIPS32/MiniMIPS32.xpr
Scanning sources...
Finished scanning sources
INFO: [IP_Flow 19-234] Refreshing IP repositories
INFO: [IP_Flow 19-1704] No user IP repositories specified
INFO: [IP_Flow 19-2313] Loaded Vivado IP repository 'D:/vivado/2017.3/data/ip'.
WARNING: [IP_Flow 19-3664] IP 'inst_rom' generated file not found 'd:/vivado/MiniMIPS32_SyS/MiniMIPS32/MiniMIPS32.srcs/sources_1/ip/inst_rom/stats.txt'. Please regenerate to continue.
WARNING: [IP_Flow 19-3664] IP 'data_ram' generated file not found 'd:/vivado/MiniMIPS32_SyS/MiniMIPS32/MiniMIPS32.srcs/sources_1/ip/data_ram/stats.txt'. Please regenerate to continue.
open_project: Time (s): cpu = 00:00:12 ; elapsed = 00:00:25 . Memory (MB): peak = 852.820 ; gain = 133.246
update_compile_order -fileset sources_1
INFO: [Device 21-403] Loading part xc7a100tcsg324-1
WARNING: [IP_Flow 19-4067] Ignoring invalid widget type specified checkbox.Providing a default widget
WARNING: [IP_Flow 19-4067] Ignoring invalid widget type specified checkbox.Providing a default widget
set_property -dict [list CONFIG.Coe_File {D:/vivado/MiniMIPS32_SyS/MiniMIPS32/MiniMIPS32.srcs/sources_1/imports/build/inst_rom.coe}] [get_ips inst_rom]
INFO: [IP_Flow 19-3484] Absolute path of file 'd:/vivado/MiniMIPS32_SyS/MiniMIPS32/MiniMIPS32.srcs/sources_1/imports/build/inst_rom.coe' provided. It will be converted relative to IP Instance files '../../imports/build/inst_rom.coe'
generate_target all [get_files  D:/vivado/MiniMIPS32_SyS/MiniMIPS32/MiniMIPS32.srcs/sources_1/ip/inst_rom/inst_rom.xci]
INFO: [IP_Flow 19-1686] Generating 'Instantiation Template' target for IP 'inst_rom'...
INFO: [IP_Flow 19-1686] Generating 'Synthesis' target for IP 'inst_rom'...
INFO: [IP_Flow 19-1686] Generating 'Simulation' target for IP 'inst_rom'...
INFO: [IP_Flow 19-1686] Generating 'Miscellaneous' target for IP 'inst_rom'...
INFO: [IP_Flow 19-1686] Generating 'Change Log' target for IP 'inst_rom'...
catch { config_ip_cache -export [get_ips -all inst_rom] }
INFO: [IP_Flow 19-4838] Using cached IP synthesis design for IP inst_rom, cache-ID = dbd5c19ed4c61b66.
export_ip_user_files -of_objects [get_files D:/vivado/MiniMIPS32_SyS/MiniMIPS32/MiniMIPS32.srcs/sources_1/ip/inst_rom/inst_rom.xci] -no_script -sync -force -quiet
create_ip_run [get_files -of_objects [get_fileset sources_1] D:/vivado/MiniMIPS32_SyS/MiniMIPS32/MiniMIPS32.srcs/sources_1/ip/inst_rom/inst_rom.xci]
INFO: [Vivado 12-3453] The given sub-design is up-to-date, no action was taken.  If a run is still desired, use the '-force' option for the file:'D:/vivado/MiniMIPS32_SyS/MiniMIPS32/MiniMIPS32.srcs/sources_1/ip/inst_rom/inst_rom.xci'
export_simulation -of_objects [get_files D:/vivado/MiniMIPS32_SyS/MiniMIPS32/MiniMIPS32.srcs/sources_1/ip/inst_rom/inst_rom.xci] -directory D:/vivado/MiniMIPS32_SyS/MiniMIPS32/MiniMIPS32.ip_user_files/sim_scripts -ip_user_files_dir D:/vivado/MiniMIPS32_SyS/MiniMIPS32/MiniMIPS32.ip_user_files -ipstatic_source_dir D:/vivado/MiniMIPS32_SyS/MiniMIPS32/MiniMIPS32.ip_user_files/ipstatic -lib_map_path [list {modelsim=D:/vivado/MiniMIPS32_SyS/MiniMIPS32/MiniMIPS32.cache/compile_simlib/modelsim} {questa=D:/vivado/MiniMIPS32_SyS/MiniMIPS32/MiniMIPS32.cache/compile_simlib/questa} {riviera=D:/vivado/MiniMIPS32_SyS/MiniMIPS32/MiniMIPS32.cache/compile_simlib/riviera} {activehdl=D:/vivado/MiniMIPS32_SyS/MiniMIPS32/MiniMIPS32.cache/compile_simlib/activehdl}] -use_ip_compiled_libs -force -quiet
WARNING: [IP_Flow 19-4067] Ignoring invalid widget type specified checkbox.Providing a default widget
WARNING: [IP_Flow 19-4067] Ignoring invalid widget type specified checkbox.Providing a default widget
set_property -dict [list CONFIG.Coe_File {D:/vivado/MiniMIPS32_SyS/MiniMIPS32/MiniMIPS32.srcs/sources_1/imports/build/data_ram.coe}] [get_ips data_ram]
INFO: [IP_Flow 19-3484] Absolute path of file 'd:/vivado/MiniMIPS32_SyS/MiniMIPS32/MiniMIPS32.srcs/sources_1/imports/build/data_ram.coe' provided. It will be converted relative to IP Instance files '../../imports/build/data_ram.coe'
generate_target all [get_files  D:/vivado/MiniMIPS32_SyS/MiniMIPS32/MiniMIPS32.srcs/sources_1/ip/data_ram/data_ram.xci]
INFO: [IP_Flow 19-1686] Generating 'Instantiation Template' target for IP 'data_ram'...
INFO: [IP_Flow 19-1686] Generating 'Synthesis' target for IP 'data_ram'...
INFO: [IP_Flow 19-1686] Generating 'Simulation' target for IP 'data_ram'...
INFO: [IP_Flow 19-1686] Generating 'Miscellaneous' target for IP 'data_ram'...
INFO: [IP_Flow 19-1686] Generating 'Change Log' target for IP 'data_ram'...
catch { config_ip_cache -export [get_ips -all data_ram] }
export_ip_user_files -of_objects [get_files D:/vivado/MiniMIPS32_SyS/MiniMIPS32/MiniMIPS32.srcs/sources_1/ip/data_ram/data_ram.xci] -no_script -sync -force -quiet
reset_run data_ram_synth_1
launch_runs -jobs 6 data_ram_synth_1
[Thu Dec 31 22:44:08 2020] Launched data_ram_synth_1...
Run output will be captured here: D:/vivado/MiniMIPS32_SyS/MiniMIPS32/MiniMIPS32.runs/data_ram_synth_1/runme.log
export_simulation -of_objects [get_files D:/vivado/MiniMIPS32_SyS/MiniMIPS32/MiniMIPS32.srcs/sources_1/ip/data_ram/data_ram.xci] -directory D:/vivado/MiniMIPS32_SyS/MiniMIPS32/MiniMIPS32.ip_user_files/sim_scripts -ip_user_files_dir D:/vivado/MiniMIPS32_SyS/MiniMIPS32/MiniMIPS32.ip_user_files -ipstatic_source_dir D:/vivado/MiniMIPS32_SyS/MiniMIPS32/MiniMIPS32.ip_user_files/ipstatic -lib_map_path [list {modelsim=D:/vivado/MiniMIPS32_SyS/MiniMIPS32/MiniMIPS32.cache/compile_simlib/modelsim} {questa=D:/vivado/MiniMIPS32_SyS/MiniMIPS32/MiniMIPS32.cache/compile_simlib/questa} {riviera=D:/vivado/MiniMIPS32_SyS/MiniMIPS32/MiniMIPS32.cache/compile_simlib/riviera} {activehdl=D:/vivado/MiniMIPS32_SyS/MiniMIPS32/MiniMIPS32.cache/compile_simlib/activehdl}] -use_ip_compiled_libs -force -quiet
exit
INFO: [Common 17-206] Exiting Vivado at Thu Dec 31 22:46:51 2020...
