#-----------------------------------------------------------
# Vivado v2017.3 (64-bit)
# SW Build 2018833 on Wed Oct  4 19:58:22 MDT 2017
# IP Build 2016188 on Wed Oct  4 21:52:56 MDT 2017
# Start of session at: Sun Nov 15 09:14:26 2020
# Process ID: 10360
# Current directory: D:/vivado/MiniMIPS32_SyS/MiniMIPS32
# Command line: vivado.exe -gui_launcher_event rodinguilauncherevent1580 D:\vivado\MiniMIPS32_SyS\MiniMIPS32\MiniMIPS32.xpr
# Log file: D:/vivado/MiniMIPS32_SyS/MiniMIPS32/vivado.log
# Journal file: D:/vivado/MiniMIPS32_SyS/MiniMIPS32\vivado.jou
#-----------------------------------------------------------
start_gui
open_project D:/vivado/MiniMIPS32_SyS/MiniMIPS32/MiniMIPS32.xpr
INFO: [Project 1-313] Project file moved from 'C:/Users/xzjqx/Desktop/Task/test_cpu/MiniMIPS32' since last save.
Scanning sources...
Finished scanning sources
WARNING: [filemgmt 56-2] IP Output Repository Path: Could not find the directory 'D:/vivado/MiniMIPS32/MiniMIPS32.cache/ip', nor could it be found using path 'C:/Users/xzjqx/Desktop/Task/MiniMIPS32/MiniMIPS32.cache/ip'.
INFO: [IP_Flow 19-234] Refreshing IP repositories
INFO: [IP_Flow 19-1704] No user IP repositories specified
INFO: [IP_Flow 19-2313] Loaded Vivado IP repository 'D:/vivado/2017.3/data/ip'.
WARNING: [IP_Flow 19-3664] IP 'data_ram' generated file not found 'd:/vivado/MiniMIPS32_SyS/MiniMIPS32/MiniMIPS32.srcs/sources_1/ip/data_ram/stats.txt'. Please regenerate to continue.
open_project: Time (s): cpu = 00:00:10 ; elapsed = 00:00:06 . Memory (MB): peak = 867.258 ; gain = 78.379
update_compile_order -fileset sources_1
exit
INFO: [Common 17-206] Exiting Vivado at Sun Nov 15 09:15:11 2020...
